{
"E:\\Telerik\\Node.js\\Project\\Team-Project-NodeJs\\app\\app.js":{"path":"E:\\Telerik\\Node.js\\Project\\Team-Project-NodeJs\\app\\app.js","s":{"1":0,"2":0,"3":0,"4":0,"5":0,"6":0,"7":0,"8":0,"9":0,"10":0,"11":0,"12":0,"13":0,"14":0,"15":0,"16":0,"17":0},"b":{},"f":{},"fnMap":{},"statementMap":{"1":{"start":{"line":3,"column":0},"end":{"line":3,"column":35}},"2":{"start":{"line":4,"column":0},"end":{"line":4,"column":42}},"3":{"start":{"line":5,"column":0},"end":{"line":5,"column":29}},"4":{"start":{"line":6,"column":0},"end":{"line":6,"column":46}},"5":{"start":{"line":8,"column":0},"end":{"line":8,"column":45}},"6":{"start":{"line":10,"column":0},"end":{"line":29,"column":2}},"7":{"start":{"line":11,"column":4},"end":{"line":11,"column":26}},"8":{"start":{"line":13,"column":4},"end":{"line":13,"column":34}},"9":{"start":{"line":15,"column":4},"end":{"line":15,"column":31}},"10":{"start":{"line":16,"column":4},"end":{"line":16,"column":56}},"11":{"start":{"line":17,"column":4},"end":{"line":17,"column":28}},"12":{"start":{"line":20,"column":4},"end":{"line":20,"column":66}},"13":{"start":{"line":22,"column":4},"end":{"line":22,"column":75}},"14":{"start":{"line":23,"column":4},"end":{"line":23,"column":79}},"15":{"start":{"line":25,"column":4},"end":{"line":26,"column":37}},"16":{"start":{"line":28,"column":4},"end":{"line":28,"column":32}},"17":{"start":{"line":31,"column":0},"end":{"line":31,"column":26}}},"branchMap":{},"l":{"3":0,"4":0,"5":0,"6":0,"8":0,"10":0,"11":0,"13":0,"15":0,"16":0,"17":0,"20":0,"22":0,"23":0,"25":0,"28":0,"31":0}},
"E:\\Telerik\\Node.js\\Project\\Team-Project-NodeJs\\app\\index.js":{"path":"E:\\Telerik\\Node.js\\Project\\Team-Project-NodeJs\\app\\index.js","s":{"1":0},"b":{},"f":{},"fnMap":{},"statementMap":{"1":{"start":{"line":1,"column":0},"end":{"line":1,"column":34}}},"branchMap":{},"l":{"1":0}},
"E:\\Telerik\\Node.js\\Project\\Team-Project-NodeJs\\app\\config\\config.js":{"path":"E:\\Telerik\\Node.js\\Project\\Team-Project-NodeJs\\app\\config\\config.js","s":{"1":0,"2":0},"b":{},"f":{},"fnMap":{},"statementMap":{"1":{"start":{"line":1,"column":0},"end":{"line":4,"column":2}},"2":{"start":{"line":6,"column":0},"end":{"line":6,"column":28}}},"branchMap":{},"l":{"1":0,"6":0}},
"E:\\Telerik\\Node.js\\Project\\Team-Project-NodeJs\\app\\config\\index.js":{"path":"E:\\Telerik\\Node.js\\Project\\Team-Project-NodeJs\\app\\config\\index.js","s":{"1":0},"b":{},"f":{},"fnMap":{},"statementMap":{"1":{"start":{"line":1,"column":0},"end":{"line":1,"column":37}}},"branchMap":{},"l":{"1":0}},
"E:\\Telerik\\Node.js\\Project\\Team-Project-NodeJs\\app\\routers\\index.js":{"path":"E:\\Telerik\\Node.js\\Project\\Team-Project-NodeJs\\app\\routers\\index.js","s":{"1":0},"b":{},"f":{},"fnMap":{},"statementMap":{"1":{"start":{"line":1,"column":0},"end":{"line":1,"column":38}}},"branchMap":{},"l":{"1":0}},
"E:\\Telerik\\Node.js\\Project\\Team-Project-NodeJs\\app\\routers\\routers.js":{"path":"E:\\Telerik\\Node.js\\Project\\Team-Project-NodeJs\\app\\routers\\routers.js","s":{"1":0,"2":0,"3":0,"4":0,"5":0,"6":0,"7":0,"8":0},"b":{},"f":{},"fnMap":{},"statementMap":{"1":{"start":{"line":3,"column":0},"end":{"line":3,"column":25}},"2":{"start":{"line":4,"column":0},"end":{"line":4,"column":29}},"3":{"start":{"line":6,"column":0},"end":{"line":13,"column":2}},"4":{"start":{"line":7,"column":4},"end":{"line":12,"column":11}},"5":{"start":{"line":8,"column":26},"end":{"line":8,"column":50}},"6":{"start":{"line":10,"column":12},"end":{"line":10,"column":58}},"7":{"start":{"line":11,"column":12},"end":{"line":11,"column":60}},"8":{"start":{"line":15,"column":0},"end":{"line":15,"column":30}}},"branchMap":{},"l":{"3":0,"4":0,"6":0,"7":0,"8":0,"10":0,"11":0,"15":0}},
"E:\\Telerik\\Node.js\\Project\\Team-Project-NodeJs\\app\\passport\\index.js":{"path":"E:\\Telerik\\Node.js\\Project\\Team-Project-NodeJs\\app\\passport\\index.js","s":{"1":0},"b":{},"f":{},"fnMap":{},"statementMap":{"1":{"start":{"line":1,"column":0},"end":{"line":1,"column":39}}},"branchMap":{},"l":{"1":0}},
"E:\\Telerik\\Node.js\\Project\\Team-Project-NodeJs\\app\\passport\\passport.js":{"path":"E:\\Telerik\\Node.js\\Project\\Team-Project-NodeJs\\app\\passport\\passport.js","s":{"1":0,"2":0,"3":0,"4":0,"5":0,"6":0,"7":0,"8":0,"9":0,"10":0,"11":0,"12":0,"13":0,"14":0,"15":0,"16":0,"17":0,"18":0,"19":0,"20":0,"21":0,"22":0,"23":0,"24":0},"b":{"1":[0,0],"2":[0,0],"3":[0,0],"4":[0,0]},"f":{},"fnMap":{},"statementMap":{"1":{"start":{"line":1,"column":0},"end":{"line":1,"column":45}},"2":{"start":{"line":2,"column":0},"end":{"line":2,"column":37}},"3":{"start":{"line":3,"column":0},"end":{"line":3,"column":48}},"4":{"start":{"line":4,"column":0},"end":{"line":4,"column":43}},"5":{"start":{"line":6,"column":0},"end":{"line":48,"column":2}},"6":{"start":{"line":7,"column":4},"end":{"line":11,"column":8}},"7":{"start":{"line":13,"column":4},"end":{"line":25,"column":7}},"8":{"start":{"line":14,"column":8},"end":{"line":24,"column":50}},"9":{"start":{"line":18,"column":16},"end":{"line":22,"column":17}},"10":{"start":{"line":19,"column":20},"end":{"line":19,"column":40}},"11":{"start":{"line":21,"column":20},"end":{"line":21,"column":38}},"12":{"start":{"line":24,"column":30},"end":{"line":24,"column":48}},"13":{"start":{"line":27,"column":4},"end":{"line":27,"column":31}},"14":{"start":{"line":29,"column":4},"end":{"line":33,"column":7}},"15":{"start":{"line":30,"column":8},"end":{"line":32,"column":9}},"16":{"start":{"line":31,"column":12},"end":{"line":31,"column":33}},"17":{"start":{"line":35,"column":4},"end":{"line":41,"column":7}},"18":{"start":{"line":36,"column":8},"end":{"line":40,"column":50}},"19":{"start":{"line":39,"column":28},"end":{"line":39,"column":53}},"20":{"start":{"line":40,"column":30},"end":{"line":40,"column":48}},"21":{"start":{"line":43,"column":4},"end":{"line":43,"column":35}},"22":{"start":{"line":44,"column":4},"end":{"line":44,"column":32}},"23":{"start":{"line":47,"column":4},"end":{"line":47,"column":20}},"24":{"start":{"line":50,"column":0},"end":{"line":50,"column":35}}},"branchMap":{"1":{"line":18,"type":"if","locations":[{"start":{"line":18,"column":16},"end":{"line":18,"column":16}},{"start":{"line":18,"column":16},"end":{"line":18,"column":16}}]},"2":{"line":18,"type":"binary-expr","locations":[{"start":{"line":18,"column":20},"end":{"line":18,"column":35}},{"start":{"line":18,"column":40},"end":{"line":18,"column":69}}]},"3":{"line":30,"type":"if","locations":[{"start":{"line":30,"column":8},"end":{"line":30,"column":8}},{"start":{"line":30,"column":8},"end":{"line":30,"column":8}}]},"4":{"line":39,"type":"binary-expr","locations":[{"start":{"line":39,"column":39},"end":{"line":39,"column":43}},{"start":{"line":39,"column":47},"end":{"line":39,"column":52}}]}},"l":{"1":0,"2":0,"3":0,"4":0,"6":0,"7":0,"13":0,"14":0,"18":0,"19":0,"21":0,"24":0,"27":0,"29":0,"30":0,"31":0,"35":0,"36":0,"39":0,"40":0,"43":0,"44":0,"47":0,"50":0}},
"E:\\Telerik\\Node.js\\Project\\Team-Project-NodeJs\\app\\routers\\auth-router\\controller.js":{"path":"E:\\Telerik\\Node.js\\Project\\Team-Project-NodeJs\\app\\routers\\auth-router\\controller.js","s":{"1":0,"2":0,"3":0,"4":0,"5":0,"6":0},"b":{},"f":{"1":0},"fnMap":{"1":{"name":"(anonymous_1)","line":3,"loc":{"start":{"line":3,"column":14},"end":{"line":3,"column":34}}}},"statementMap":{"1":{"start":{"line":1,"column":0},"end":{"line":9,"column":2}},"2":{"start":{"line":2,"column":4},"end":{"line":7,"column":6}},"3":{"start":{"line":4,"column":12},"end":{"line":4,"column":29}},"4":{"start":{"line":5,"column":12},"end":{"line":5,"column":35}},"5":{"start":{"line":8,"column":4},"end":{"line":8,"column":22}},"6":{"start":{"line":13,"column":0},"end":{"line":13,"column":26}}},"branchMap":{},"l":{"1":0,"2":0,"4":0,"5":0,"8":0,"13":0}},
"E:\\Telerik\\Node.js\\Project\\Team-Project-NodeJs\\app\\routers\\auth-router\\index.js":{"path":"E:\\Telerik\\Node.js\\Project\\Team-Project-NodeJs\\app\\routers\\auth-router\\index.js","s":{"1":0},"b":{},"f":{},"fnMap":{},"statementMap":{"1":{"start":{"line":1,"column":0},"end":{"line":1,"column":40}}},"branchMap":{},"l":{"1":0}},
"E:\\Telerik\\Node.js\\Project\\Team-Project-NodeJs\\app\\routers\\auth-router\\router.js":{"path":"E:\\Telerik\\Node.js\\Project\\Team-Project-NodeJs\\app\\routers\\auth-router\\router.js","s":{"1":0,"2":0,"3":0,"4":0,"5":0,"6":0},"b":{},"f":{},"fnMap":{},"statementMap":{"1":{"start":{"line":1,"column":0},"end":{"line":15,"column":2}},"2":{"start":{"line":2,"column":4},"end":{"line":2,"column":66}},"3":{"start":{"line":4,"column":4},"end":{"line":8,"column":8}},"4":{"start":{"line":10,"column":4},"end":{"line":12,"column":7}},"5":{"start":{"line":14,"column":4},"end":{"line":14,"column":47}},"6":{"start":{"line":17,"column":0},"end":{"line":17,"column":30}}},"branchMap":{},"l":{"1":0,"2":0,"4":0,"10":0,"14":0,"17":0}},
"E:\\Telerik\\Node.js\\Project\\Team-Project-NodeJs\\app\\routers\\course-router\\controller.js":{"path":"E:\\Telerik\\Node.js\\Project\\Team-Project-NodeJs\\app\\routers\\course-router\\controller.js","s":{"1":0,"2":0,"3":0,"4":0,"5":0,"6":0,"7":0,"8":0,"9":0,"10":0,"11":0,"12":0,"13":0,"14":0,"15":0,"16":0,"17":0,"18":0,"19":0,"20":0,"21":0,"22":0,"23":0,"24":0,"25":0,"26":0,"27":0,"28":0,"29":0,"30":0,"31":0,"32":0,"33":0,"34":0,"35":0},"b":{},"f":{"1":0,"2":0,"3":0,"4":0,"5":0,"6":0},"fnMap":{"1":{"name":"(anonymous_1)","line":4,"loc":{"start":{"line":4,"column":21},"end":{"line":4,"column":41}}},"2":{"name":"(anonymous_2)","line":20,"loc":{"start":{"line":20,"column":18},"end":{"line":20,"column":38}}},"3":{"name":"(anonymous_3)","line":35,"loc":{"start":{"line":35,"column":18},"end":{"line":35,"column":38}}},"4":{"name":"(anonymous_4)","line":66,"loc":{"start":{"line":66,"column":20},"end":{"line":66,"column":40}}},"5":{"name":"(anonymous_5)","line":97,"loc":{"start":{"line":97,"column":20},"end":{"line":97,"column":40}}},"6":{"name":"(anonymous_6)","line":130,"loc":{"start":{"line":130,"column":23},"end":{"line":130,"column":43}}}},"statementMap":{"1":{"start":{"line":1,"column":0},"end":{"line":162,"column":2}},"2":{"start":{"line":2,"column":4},"end":{"line":2,"column":49}},"3":{"start":{"line":3,"column":4},"end":{"line":160,"column":6}},"4":{"start":{"line":5,"column":12},"end":{"line":5,"column":41}},"5":{"start":{"line":7,"column":12},"end":{"line":9,"column":27}},"6":{"start":{"line":11,"column":12},"end":{"line":18,"column":19}},"7":{"start":{"line":13,"column":20},"end":{"line":17,"column":23}},"8":{"start":{"line":21,"column":12},"end":{"line":23,"column":14}},"9":{"start":{"line":24,"column":12},"end":{"line":26,"column":27}},"10":{"start":{"line":27,"column":12},"end":{"line":33,"column":15}},"11":{"start":{"line":28,"column":16},"end":{"line":32,"column":19}},"12":{"start":{"line":38,"column":12},"end":{"line":38,"column":41}},"13":{"start":{"line":39,"column":12},"end":{"line":39,"column":40}},"14":{"start":{"line":42,"column":12},"end":{"line":42,"column":45}},"15":{"start":{"line":43,"column":12},"end":{"line":43,"column":51}},"16":{"start":{"line":55,"column":12},"end":{"line":63,"column":19}},"17":{"start":{"line":67,"column":12},"end":{"line":67,"column":41}},"18":{"start":{"line":70,"column":12},"end":{"line":70,"column":40}},"19":{"start":{"line":73,"column":12},"end":{"line":73,"column":45}},"20":{"start":{"line":74,"column":12},"end":{"line":74,"column":51}},"21":{"start":{"line":86,"column":12},"end":{"line":94,"column":19}},"22":{"start":{"line":98,"column":12},"end":{"line":98,"column":57}},"23":{"start":{"line":99,"column":12},"end":{"line":99,"column":61}},"24":{"start":{"line":110,"column":12},"end":{"line":124,"column":19}},"25":{"start":{"line":115,"column":20},"end":{"line":115,"column":45}},"26":{"start":{"line":116,"column":20},"end":{"line":123,"column":27}},"27":{"start":{"line":127,"column":12},"end":{"line":127,"column":66}},"28":{"start":{"line":131,"column":12},"end":{"line":131,"column":57}},"29":{"start":{"line":132,"column":12},"end":{"line":132,"column":61}},"30":{"start":{"line":143,"column":12},"end":{"line":157,"column":19}},"31":{"start":{"line":148,"column":20},"end":{"line":148,"column":45}},"32":{"start":{"line":149,"column":20},"end":{"line":156,"column":27}},"33":{"start":{"line":158,"column":12},"end":{"line":158,"column":66}},"34":{"start":{"line":161,"column":4},"end":{"line":161,"column":22}},"35":{"start":{"line":165,"column":0},"end":{"line":165,"column":26}}},"branchMap":{},"l":{"1":0,"2":0,"3":0,"5":0,"7":0,"11":0,"13":0,"21":0,"24":0,"27":0,"28":0,"38":0,"39":0,"42":0,"43":0,"55":0,"67":0,"70":0,"73":0,"74":0,"86":0,"98":0,"99":0,"110":0,"115":0,"116":0,"127":0,"131":0,"132":0,"143":0,"148":0,"149":0,"158":0,"161":0,"165":0}},
"E:\\Telerik\\Node.js\\Project\\Team-Project-NodeJs\\app\\routers\\course-router\\index.js":{"path":"E:\\Telerik\\Node.js\\Project\\Team-Project-NodeJs\\app\\routers\\course-router\\index.js","s":{"1":0},"b":{},"f":{},"fnMap":{},"statementMap":{"1":{"start":{"line":1,"column":0},"end":{"line":1,"column":37}}},"branchMap":{},"l":{"1":0}},
"E:\\Telerik\\Node.js\\Project\\Team-Project-NodeJs\\app\\routers\\course-router\\router.js":{"path":"E:\\Telerik\\Node.js\\Project\\Team-Project-NodeJs\\app\\routers\\course-router\\router.js","s":{"1":0,"2":0,"3":0,"4":0,"5":0,"6":0,"7":0,"8":0,"9":0},"b":{},"f":{},"fnMap":{},"statementMap":{"1":{"start":{"line":1,"column":0},"end":{"line":16,"column":2}},"2":{"start":{"line":2,"column":4},"end":{"line":2,"column":56}},"3":{"start":{"line":4,"column":4},"end":{"line":4,"column":57}},"4":{"start":{"line":6,"column":4},"end":{"line":6,"column":63}},"5":{"start":{"line":8,"column":4},"end":{"line":8,"column":54}},"6":{"start":{"line":10,"column":4},"end":{"line":10,"column":47}},"7":{"start":{"line":12,"column":4},"end":{"line":12,"column":59}},"8":{"start":{"line":14,"column":4},"end":{"line":14,"column":63}},"9":{"start":{"line":18,"column":0},"end":{"line":18,"column":30}}},"branchMap":{},"l":{"1":0,"2":0,"4":0,"6":0,"8":0,"10":0,"12":0,"14":0,"18":0}},
"E:\\Telerik\\Node.js\\Project\\Team-Project-NodeJs\\app\\routers\\home-router\\controller.js":{"path":"E:\\Telerik\\Node.js\\Project\\Team-Project-NodeJs\\app\\routers\\home-router\\controller.js","s":{"1":0,"2":0,"3":0,"4":0,"5":0,"6":0,"7":0,"8":0,"9":0,"10":0,"11":0,"12":0,"13":0,"14":0,"15":0,"16":0,"17":0,"18":0,"19":0},"b":{"1":[0,0]},"f":{"1":0,"2":0,"3":0,"4":0},"fnMap":{"1":{"name":"(anonymous_1)","line":4,"loc":{"start":{"line":4,"column":15},"end":{"line":4,"column":35}}},"2":{"name":"(anonymous_2)","line":25,"loc":{"start":{"line":25,"column":20},"end":{"line":25,"column":40}}},"3":{"name":"(anonymous_3)","line":31,"loc":{"start":{"line":31,"column":23},"end":{"line":31,"column":43}}},"4":{"name":"(anonymous_4)","line":37,"loc":{"start":{"line":37,"column":22},"end":{"line":37,"column":42}}}},"statementMap":{"1":{"start":{"line":1,"column":0},"end":{"line":52,"column":2}},"2":{"start":{"line":2,"column":4},"end":{"line":2,"column":49}},"3":{"start":{"line":3,"column":4},"end":{"line":50,"column":6}},"4":{"start":{"line":5,"column":12},"end":{"line":7,"column":27}},"5":{"start":{"line":8,"column":12},"end":{"line":22,"column":15}},"6":{"start":{"line":9,"column":16},"end":{"line":13,"column":33}},"7":{"start":{"line":11,"column":24},"end":{"line":11,"column":77}},"8":{"start":{"line":14,"column":16},"end":{"line":14,"column":64}},"9":{"start":{"line":15,"column":16},"end":{"line":15,"column":42}},"10":{"start":{"line":16,"column":16},"end":{"line":21,"column":19}},"11":{"start":{"line":26,"column":12},"end":{"line":28,"column":15}},"12":{"start":{"line":32,"column":12},"end":{"line":34,"column":15}},"13":{"start":{"line":38,"column":12},"end":{"line":40,"column":13}},"14":{"start":{"line":39,"column":16},"end":{"line":39,"column":67}},"15":{"start":{"line":41,"column":12},"end":{"line":41,"column":38}},"16":{"start":{"line":42,"column":12},"end":{"line":42,"column":60}},"17":{"start":{"line":44,"column":12},"end":{"line":48,"column":15}},"18":{"start":{"line":51,"column":4},"end":{"line":51,"column":22}},"19":{"start":{"line":55,"column":0},"end":{"line":55,"column":26}}},"branchMap":{"1":{"line":38,"type":"if","locations":[{"start":{"line":38,"column":12},"end":{"line":38,"column":12}},{"start":{"line":38,"column":12},"end":{"line":38,"column":12}}]}},"l":{"1":0,"2":0,"3":0,"5":0,"8":0,"9":0,"11":0,"14":0,"15":0,"16":0,"26":0,"32":0,"38":0,"39":0,"41":0,"42":0,"44":0,"51":0,"55":0}},
"E:\\Telerik\\Node.js\\Project\\Team-Project-NodeJs\\app\\routers\\home-router\\index.js":{"path":"E:\\Telerik\\Node.js\\Project\\Team-Project-NodeJs\\app\\routers\\home-router\\index.js","s":{"1":0},"b":{},"f":{},"fnMap":{},"statementMap":{"1":{"start":{"line":1,"column":0},"end":{"line":1,"column":37}}},"branchMap":{},"l":{"1":0}},
"E:\\Telerik\\Node.js\\Project\\Team-Project-NodeJs\\app\\routers\\home-router\\router.js":{"path":"E:\\Telerik\\Node.js\\Project\\Team-Project-NodeJs\\app\\routers\\home-router\\router.js","s":{"1":0,"2":0,"3":0,"4":0,"5":0,"6":0,"7":0},"b":{},"f":{},"fnMap":{},"statementMap":{"1":{"start":{"line":1,"column":0},"end":{"line":11,"column":2}},"2":{"start":{"line":2,"column":4},"end":{"line":2,"column":66}},"3":{"start":{"line":4,"column":4},"end":{"line":4,"column":37}},"4":{"start":{"line":6,"column":4},"end":{"line":6,"column":47}},"5":{"start":{"line":8,"column":4},"end":{"line":8,"column":53}},"6":{"start":{"line":10,"column":4},"end":{"line":10,"column":51}},"7":{"start":{"line":13,"column":0},"end":{"line":13,"column":30}}},"branchMap":{},"l":{"1":0,"2":0,"4":0,"6":0,"8":0,"10":0,"13":0}},
"E:\\Telerik\\Node.js\\Project\\Team-Project-NodeJs\\data\\data.js":{"path":"E:\\Telerik\\Node.js\\Project\\Team-Project-NodeJs\\data\\data.js","s":{"1":1,"2":1,"3":0,"4":0,"5":0,"6":1,"7":1},"b":{},"f":{},"fnMap":{},"statementMap":{"1":{"start":{"line":1,"column":0},"end":{"line":14,"column":2}},"2":{"start":{"line":2,"column":4},"end":{"line":11,"column":6}},"3":{"start":{"line":5,"column":8},"end":{"line":7,"column":23}},"4":{"start":{"line":8,"column":8},"end":{"line":10,"column":11}},"5":{"start":{"line":9,"column":12},"end":{"line":9,"column":47}},"6":{"start":{"line":13,"column":4},"end":{"line":13,"column":31}},"7":{"start":{"line":16,"column":0},"end":{"line":16,"column":26}}},"branchMap":{},"l":{"1":1,"2":1,"5":0,"8":0,"9":0,"13":1,"16":1}},
"E:\\Telerik\\Node.js\\Project\\Team-Project-NodeJs\\data\\index.js":{"path":"E:\\Telerik\\Node.js\\Project\\Team-Project-NodeJs\\data\\index.js","s":{"1":1},"b":{},"f":{},"fnMap":{},"statementMap":{"1":{"start":{"line":1,"column":0},"end":{"line":1,"column":35}}},"branchMap":{},"l":{"1":1}},
"E:\\Telerik\\Node.js\\Project\\Team-Project-NodeJs\\db\\db.js":{"path":"E:\\Telerik\\Node.js\\Project\\Team-Project-NodeJs\\db\\db.js","s":{"1":0,"2":0,"3":0,"4":0},"b":{},"f":{},"fnMap":{},"statementMap":{"1":{"start":{"line":1,"column":0},"end":{"line":1,"column":43}},"2":{"start":{"line":3,"column":0},"end":{"line":5,"column":2}},"3":{"start":{"line":4,"column":4},"end":{"line":4,"column":49}},"4":{"start":{"line":19,"column":0},"end":{"line":19,"column":26}}},"branchMap":{},"l":{"1":0,"3":0,"4":0,"19":0}},
"E:\\Telerik\\Node.js\\Project\\Team-Project-NodeJs\\db\\index.js":{"path":"E:\\Telerik\\Node.js\\Project\\Team-Project-NodeJs\\db\\index.js","s":{"1":0},"b":{},"f":{},"fnMap":{},"statementMap":{"1":{"start":{"line":1,"column":0},"end":{"line":1,"column":33}}},"branchMap":{},"l":{"1":0}}}
