{
"D:\\Programming\\GitHub\\Team-Project-NodeJs\\app\\routers\\course-router\\controller.js":{"path":"D:\\Programming\\GitHub\\Team-Project-NodeJs\\app\\routers\\course-router\\controller.js","s":{"1":1,"2":2,"3":1,"4":1,"5":1,"6":3,"7":3,"8":3,"9":3,"10":3,"11":3,"12":0,"13":0,"14":3,"15":3,"16":2,"17":2,"18":2,"19":2,"20":2,"21":2,"22":2,"23":2,"24":2,"25":2,"26":3,"27":3,"28":3,"29":3,"30":3,"31":3,"32":3,"33":3,"34":3,"35":3,"36":3,"37":3,"38":3,"39":3,"40":3,"41":3,"42":3,"43":2,"44":1},"b":{"1":[0,3],"2":[3,3],"3":[0,0]},"f":{"1":1,"2":3,"3":2,"4":2,"5":3,"6":3,"7":3,"8":3},"fnMap":{"1":{"name":"(anonymous_1)","line":3,"loc":{"start":{"line":3,"column":21},"end":{"line":3,"column":41}}},"2":{"name":"(anonymous_2)","line":15,"loc":{"start":{"line":15,"column":18},"end":{"line":15,"column":38}}},"3":{"name":"(anonymous_3)","line":46,"loc":{"start":{"line":46,"column":18},"end":{"line":46,"column":38}}},"4":{"name":"(anonymous_4)","line":56,"loc":{"start":{"line":56,"column":20},"end":{"line":56,"column":40}}},"5":{"name":"(anonymous_5)","line":66,"loc":{"start":{"line":66,"column":20},"end":{"line":66,"column":40}}},"6":{"name":"(anonymous_6)","line":76,"loc":{"start":{"line":76,"column":23},"end":{"line":76,"column":43}}},"7":{"name":"(anonymous_7)","line":86,"loc":{"start":{"line":86,"column":19},"end":{"line":86,"column":39}}},"8":{"name":"(anonymous_8)","line":100,"loc":{"start":{"line":100,"column":25},"end":{"line":100,"column":45}}}},"statementMap":{"1":{"start":{"line":1,"column":0},"end":{"line":117,"column":2}},"2":{"start":{"line":2,"column":4},"end":{"line":115,"column":6}},"3":{"start":{"line":4,"column":12},"end":{"line":4,"column":41}},"4":{"start":{"line":6,"column":12},"end":{"line":13,"column":19}},"5":{"start":{"line":8,"column":20},"end":{"line":12,"column":23}},"6":{"start":{"line":16,"column":12},"end":{"line":18,"column":14}},"7":{"start":{"line":20,"column":12},"end":{"line":20,"column":44}},"8":{"start":{"line":21,"column":12},"end":{"line":21,"column":40}},"9":{"start":{"line":23,"column":12},"end":{"line":44,"column":19}},"10":{"start":{"line":25,"column":20},"end":{"line":28,"column":22}},"11":{"start":{"line":29,"column":20},"end":{"line":33,"column":21}},"12":{"start":{"line":30,"column":24},"end":{"line":32,"column":25}},"13":{"start":{"line":31,"column":28},"end":{"line":31,"column":61}},"14":{"start":{"line":34,"column":20},"end":{"line":36,"column":53}},"15":{"start":{"line":37,"column":20},"end":{"line":43,"column":23}},"16":{"start":{"line":47,"column":12},"end":{"line":47,"column":41}},"17":{"start":{"line":48,"column":12},"end":{"line":48,"column":40}},"18":{"start":{"line":50,"column":12},"end":{"line":50,"column":45}},"19":{"start":{"line":51,"column":12},"end":{"line":51,"column":51}},"20":{"start":{"line":53,"column":12},"end":{"line":53,"column":61}},"21":{"start":{"line":57,"column":12},"end":{"line":57,"column":41}},"22":{"start":{"line":58,"column":12},"end":{"line":58,"column":40}},"23":{"start":{"line":60,"column":12},"end":{"line":60,"column":45}},"24":{"start":{"line":61,"column":12},"end":{"line":61,"column":51}},"25":{"start":{"line":63,"column":12},"end":{"line":63,"column":61}},"26":{"start":{"line":67,"column":12},"end":{"line":67,"column":47}},"27":{"start":{"line":68,"column":12},"end":{"line":68,"column":51}},"28":{"start":{"line":70,"column":12},"end":{"line":73,"column":19}},"29":{"start":{"line":72,"column":20},"end":{"line":72,"column":74}},"30":{"start":{"line":77,"column":12},"end":{"line":77,"column":47}},"31":{"start":{"line":78,"column":12},"end":{"line":78,"column":51}},"32":{"start":{"line":80,"column":12},"end":{"line":83,"column":19}},"33":{"start":{"line":82,"column":20},"end":{"line":82,"column":81}},"34":{"start":{"line":87,"column":12},"end":{"line":87,"column":41}},"35":{"start":{"line":88,"column":12},"end":{"line":88,"column":38}},"36":{"start":{"line":90,"column":12},"end":{"line":97,"column":19}},"37":{"start":{"line":92,"column":20},"end":{"line":96,"column":23}},"38":{"start":{"line":101,"column":12},"end":{"line":101,"column":47}},"39":{"start":{"line":102,"column":12},"end":{"line":102,"column":56}},"40":{"start":{"line":103,"column":12},"end":{"line":103,"column":38}},"41":{"start":{"line":105,"column":12},"end":{"line":113,"column":19}},"42":{"start":{"line":107,"column":20},"end":{"line":112,"column":23}},"43":{"start":{"line":116,"column":4},"end":{"line":116,"column":22}},"44":{"start":{"line":120,"column":0},"end":{"line":120,"column":26}}},"branchMap":{"1":{"line":29,"type":"if","locations":[{"start":{"line":29,"column":20},"end":{"line":29,"column":20}},{"start":{"line":29,"column":20},"end":{"line":29,"column":20}}]},"2":{"line":29,"type":"binary-expr","locations":[{"start":{"line":29,"column":24},"end":{"line":29,"column":45}},{"start":{"line":29,"column":49},"end":{"line":29,"column":71}}]},"3":{"line":30,"type":"if","locations":[{"start":{"line":30,"column":24},"end":{"line":30,"column":24}},{"start":{"line":30,"column":24},"end":{"line":30,"column":24}}]}},"l":{"1":1,"2":2,"4":1,"6":1,"8":1,"16":3,"20":3,"21":3,"23":3,"25":3,"29":3,"30":0,"31":0,"34":3,"37":3,"47":2,"48":2,"50":2,"51":2,"53":2,"57":2,"58":2,"60":2,"61":2,"63":2,"67":3,"68":3,"70":3,"72":3,"77":3,"78":3,"80":3,"82":3,"87":3,"88":3,"90":3,"92":3,"101":3,"102":3,"103":3,"105":3,"107":3,"116":2,"120":1}},
"D:\\Programming\\GitHub\\Team-Project-NodeJs\\app\\routers\\course-router\\index.js":{"path":"D:\\Programming\\GitHub\\Team-Project-NodeJs\\app\\routers\\course-router\\index.js","s":{"1":0},"b":{},"f":{},"fnMap":{},"statementMap":{"1":{"start":{"line":1,"column":0},"end":{"line":1,"column":37}}},"branchMap":{},"l":{"1":0}},
"D:\\Programming\\GitHub\\Team-Project-NodeJs\\app\\routers\\course-router\\router.js":{"path":"D:\\Programming\\GitHub\\Team-Project-NodeJs\\app\\routers\\course-router\\router.js","s":{"1":0,"2":0,"3":0,"4":0,"5":0,"6":0,"7":0,"8":0,"9":0,"10":0,"11":0},"b":{},"f":{},"fnMap":{},"statementMap":{"1":{"start":{"line":1,"column":0},"end":{"line":19,"column":2}},"2":{"start":{"line":2,"column":4},"end":{"line":2,"column":62}},"3":{"start":{"line":4,"column":4},"end":{"line":4,"column":57}},"4":{"start":{"line":6,"column":4},"end":{"line":6,"column":63}},"5":{"start":{"line":8,"column":4},"end":{"line":8,"column":54}},"6":{"start":{"line":10,"column":4},"end":{"line":10,"column":61}},"7":{"start":{"line":12,"column":4},"end":{"line":12,"column":75}},"8":{"start":{"line":14,"column":4},"end":{"line":14,"column":47}},"9":{"start":{"line":16,"column":4},"end":{"line":16,"column":53}},"10":{"start":{"line":18,"column":4},"end":{"line":18,"column":57}},"11":{"start":{"line":21,"column":0},"end":{"line":21,"column":30}}},"branchMap":{},"l":{"1":0,"2":0,"4":0,"6":0,"8":0,"10":0,"12":0,"14":0,"16":0,"18":0,"21":0}},
"D:\\Programming\\GitHub\\Team-Project-NodeJs\\app\\routers\\home-router\\controller.js":{"path":"D:\\Programming\\GitHub\\Team-Project-NodeJs\\app\\routers\\home-router\\controller.js","s":{"1":1,"2":1,"3":5,"4":5,"5":0,"6":0,"7":5,"8":5,"9":0,"10":0,"11":0,"12":0,"13":0,"14":0,"15":1,"16":1,"17":2,"18":1,"19":1,"20":1,"21":1,"22":0,"23":0,"24":0,"25":0,"26":1,"27":0,"28":0,"29":0,"30":0,"31":0,"32":0,"33":0,"34":0,"35":0,"36":0,"37":0,"38":0,"39":0,"40":0,"41":0,"42":0,"43":0,"44":0,"45":0,"46":0,"47":5,"48":1},"b":{"1":[1,1],"2":[0,0]},"f":{"1":0,"2":1,"3":1,"4":2,"5":0,"6":0,"7":1,"8":0,"9":0,"10":0,"11":0},"fnMap":{"1":{"name":"(anonymous_1)","line":18,"loc":{"start":{"line":18,"column":15},"end":{"line":18,"column":35}}},"2":{"name":"(anonymous_2)","line":37,"loc":{"start":{"line":37,"column":20},"end":{"line":37,"column":40}}},"3":{"name":"(anonymous_3)","line":44,"loc":{"start":{"line":44,"column":23},"end":{"line":44,"column":43}}},"4":{"name":"(anonymous_4)","line":51,"loc":{"start":{"line":51,"column":22},"end":{"line":51,"column":42}}},"5":{"name":"(anonymous_5)","line":65,"loc":{"start":{"line":65,"column":22},"end":{"line":65,"column":42}}},"6":{"name":"(anonymous_6)","line":69,"loc":{"start":{"line":69,"column":23},"end":{"line":69,"column":43}}},"7":{"name":"(anonymous_7)","line":81,"loc":{"start":{"line":81,"column":20},"end":{"line":81,"column":40}}},"8":{"name":"(anonymous_8)","line":85,"loc":{"start":{"line":85,"column":21},"end":{"line":85,"column":41}}},"9":{"name":"(anonymous_9)","line":98,"loc":{"start":{"line":98,"column":18},"end":{"line":98,"column":38}}},"10":{"name":"(anonymous_10)","line":118,"loc":{"start":{"line":118,"column":20},"end":{"line":118,"column":40}}},"11":{"name":"(anonymous_11)","line":132,"loc":{"start":{"line":132,"column":14},"end":{"line":132,"column":34}}}},"statementMap":{"1":{"start":{"line":2,"column":0},"end":{"line":2,"column":25}},"2":{"start":{"line":4,"column":0},"end":{"line":137,"column":2}},"3":{"start":{"line":6,"column":4},"end":{"line":6,"column":37}},"4":{"start":{"line":7,"column":4},"end":{"line":14,"column":7}},"5":{"start":{"line":9,"column":12},"end":{"line":9,"column":69}},"6":{"start":{"line":12,"column":12},"end":{"line":12,"column":40}},"7":{"start":{"line":15,"column":4},"end":{"line":15,"column":65}},"8":{"start":{"line":17,"column":4},"end":{"line":135,"column":6}},"9":{"start":{"line":19,"column":12},"end":{"line":34,"column":19}},"10":{"start":{"line":21,"column":20},"end":{"line":25,"column":37}},"11":{"start":{"line":23,"column":28},"end":{"line":23,"column":77}},"12":{"start":{"line":26,"column":20},"end":{"line":26,"column":70}},"13":{"start":{"line":27,"column":20},"end":{"line":27,"column":46}},"14":{"start":{"line":28,"column":20},"end":{"line":33,"column":23}},"15":{"start":{"line":38,"column":12},"end":{"line":41,"column":15}},"16":{"start":{"line":45,"column":12},"end":{"line":48,"column":15}},"17":{"start":{"line":52,"column":12},"end":{"line":54,"column":13}},"18":{"start":{"line":53,"column":16},"end":{"line":53,"column":67}},"19":{"start":{"line":55,"column":12},"end":{"line":55,"column":38}},"20":{"start":{"line":56,"column":12},"end":{"line":56,"column":60}},"21":{"start":{"line":58,"column":12},"end":{"line":62,"column":15}},"22":{"start":{"line":66,"column":12},"end":{"line":66,"column":51}},"23":{"start":{"line":70,"column":12},"end":{"line":76,"column":14}},"24":{"start":{"line":77,"column":12},"end":{"line":77,"column":56}},"25":{"start":{"line":78,"column":12},"end":{"line":78,"column":42}},"26":{"start":{"line":82,"column":12},"end":{"line":82,"column":47}},"27":{"start":{"line":86,"column":12},"end":{"line":86,"column":51}},"28":{"start":{"line":88,"column":12},"end":{"line":93,"column":14}},"29":{"start":{"line":95,"column":12},"end":{"line":95,"column":47}},"30":{"start":{"line":99,"column":12},"end":{"line":99,"column":54}},"31":{"start":{"line":101,"column":12},"end":{"line":101,"column":63}},"32":{"start":{"line":102,"column":12},"end":{"line":109,"column":19}},"33":{"start":{"line":104,"column":34},"end":{"line":104,"column":50}},"34":{"start":{"line":106,"column":20},"end":{"line":108,"column":27}},"35":{"start":{"line":110,"column":12},"end":{"line":115,"column":15}},"36":{"start":{"line":111,"column":16},"end":{"line":113,"column":17}},"37":{"start":{"line":112,"column":20},"end":{"line":112,"column":37}},"38":{"start":{"line":114,"column":16},"end":{"line":114,"column":37}},"39":{"start":{"line":119,"column":12},"end":{"line":119,"column":51}},"40":{"start":{"line":120,"column":12},"end":{"line":120,"column":63}},"41":{"start":{"line":122,"column":12},"end":{"line":124,"column":55}},"42":{"start":{"line":124,"column":34},"end":{"line":124,"column":50}},"43":{"start":{"line":126,"column":12},"end":{"line":126,"column":62}},"44":{"start":{"line":128,"column":12},"end":{"line":128,"column":49}},"45":{"start":{"line":129,"column":12},"end":{"line":129,"column":33}},"46":{"start":{"line":133,"column":12},"end":{"line":133,"column":42}},"47":{"start":{"line":136,"column":4},"end":{"line":136,"column":22}},"48":{"start":{"line":140,"column":0},"end":{"line":140,"column":26}}},"branchMap":{"1":{"line":52,"type":"if","locations":[{"start":{"line":52,"column":12},"end":{"line":52,"column":12}},{"start":{"line":52,"column":12},"end":{"line":52,"column":12}}]},"2":{"line":111,"type":"if","locations":[{"start":{"line":111,"column":16},"end":{"line":111,"column":16}},{"start":{"line":111,"column":16},"end":{"line":111,"column":16}}]}},"l":{"2":1,"4":1,"6":5,"7":5,"9":0,"12":0,"15":5,"17":5,"19":0,"21":0,"23":0,"26":0,"27":0,"28":0,"38":1,"45":1,"52":2,"53":1,"55":1,"56":1,"58":1,"66":0,"70":0,"77":0,"78":0,"82":1,"86":0,"88":0,"95":0,"99":0,"101":0,"102":0,"104":0,"106":0,"110":0,"111":0,"112":0,"114":0,"119":0,"120":0,"122":0,"124":0,"126":0,"128":0,"129":0,"133":0,"136":5,"140":1}},
"D:\\Programming\\GitHub\\Team-Project-NodeJs\\app\\routers\\home-router\\index.js":{"path":"D:\\Programming\\GitHub\\Team-Project-NodeJs\\app\\routers\\home-router\\index.js","s":{"1":0},"b":{},"f":{},"fnMap":{},"statementMap":{"1":{"start":{"line":1,"column":0},"end":{"line":1,"column":37}}},"branchMap":{},"l":{"1":0}},
"D:\\Programming\\GitHub\\Team-Project-NodeJs\\app\\routers\\home-router\\router.js":{"path":"D:\\Programming\\GitHub\\Team-Project-NodeJs\\app\\routers\\home-router\\router.js","s":{"1":0,"2":0,"3":0,"4":0,"5":0,"6":0,"7":0,"8":0,"9":0,"10":0,"11":0,"12":0,"13":0,"14":0,"15":0},"b":{},"f":{},"fnMap":{},"statementMap":{"1":{"start":{"line":1,"column":0},"end":{"line":27,"column":2}},"2":{"start":{"line":2,"column":4},"end":{"line":2,"column":62}},"3":{"start":{"line":4,"column":4},"end":{"line":4,"column":37}},"4":{"start":{"line":6,"column":4},"end":{"line":6,"column":47}},"5":{"start":{"line":8,"column":4},"end":{"line":8,"column":53}},"6":{"start":{"line":10,"column":4},"end":{"line":10,"column":51}},"7":{"start":{"line":12,"column":4},"end":{"line":12,"column":51}},"8":{"start":{"line":14,"column":4},"end":{"line":14,"column":53}},"9":{"start":{"line":16,"column":4},"end":{"line":16,"column":47}},"10":{"start":{"line":18,"column":4},"end":{"line":18,"column":50}},"11":{"start":{"line":20,"column":4},"end":{"line":20,"column":55}},"12":{"start":{"line":22,"column":4},"end":{"line":22,"column":56}},"13":{"start":{"line":24,"column":4},"end":{"line":24,"column":39}},"14":{"start":{"line":26,"column":4},"end":{"line":26,"column":36}},"15":{"start":{"line":29,"column":0},"end":{"line":29,"column":30}}},"branchMap":{},"l":{"1":0,"2":0,"4":0,"6":0,"8":0,"10":0,"12":0,"14":0,"16":0,"18":0,"20":0,"22":0,"24":0,"26":0,"29":0}},
"D:\\Programming\\GitHub\\Team-Project-NodeJs\\data\\data.js":{"path":"D:\\Programming\\GitHub\\Team-Project-NodeJs\\data\\data.js","s":{"1":1,"2":6,"3":6,"4":6,"5":6,"6":1,"7":1,"8":6,"9":1,"10":1,"11":6,"12":1,"13":6,"14":1,"15":6,"16":1,"17":0,"18":0,"19":6,"20":0,"21":0,"22":0,"23":6,"24":0,"25":0,"26":6,"27":0,"28":0,"29":6,"30":0,"31":0,"32":0,"33":0,"34":0,"35":0,"36":0,"37":6,"38":6,"39":1},"b":{"1":[0,0]},"f":{},"fnMap":{},"statementMap":{"1":{"start":{"line":1,"column":0},"end":{"line":171,"column":2}},"2":{"start":{"line":2,"column":4},"end":{"line":2,"column":49}},"3":{"start":{"line":4,"column":4},"end":{"line":4,"column":51}},"4":{"start":{"line":5,"column":4},"end":{"line":5,"column":55}},"5":{"start":{"line":7,"column":4},"end":{"line":14,"column":6}},"6":{"start":{"line":8,"column":8},"end":{"line":13,"column":15}},"7":{"start":{"line":12,"column":16},"end":{"line":12,"column":48}},"8":{"start":{"line":16,"column":4},"end":{"line":23,"column":6}},"9":{"start":{"line":17,"column":8},"end":{"line":22,"column":15}},"10":{"start":{"line":21,"column":16},"end":{"line":21,"column":46}},"11":{"start":{"line":25,"column":4},"end":{"line":35,"column":6}},"12":{"start":{"line":26,"column":8},"end":{"line":34,"column":15}},"13":{"start":{"line":37,"column":4},"end":{"line":47,"column":6}},"14":{"start":{"line":38,"column":8},"end":{"line":46,"column":15}},"15":{"start":{"line":49,"column":4},"end":{"line":65,"column":6}},"16":{"start":{"line":50,"column":8},"end":{"line":64,"column":15}},"17":{"start":{"line":55,"column":16},"end":{"line":55,"column":41}},"18":{"start":{"line":56,"column":16},"end":{"line":63,"column":23}},"19":{"start":{"line":67,"column":4},"end":{"line":83,"column":6}},"20":{"start":{"line":68,"column":8},"end":{"line":82,"column":15}},"21":{"start":{"line":73,"column":16},"end":{"line":73,"column":41}},"22":{"start":{"line":74,"column":16},"end":{"line":81,"column":23}},"23":{"start":{"line":85,"column":4},"end":{"line":112,"column":6}},"24":{"start":{"line":86,"column":8},"end":{"line":96,"column":15}},"25":{"start":{"line":97,"column":8},"end":{"line":111,"column":15}},"26":{"start":{"line":114,"column":4},"end":{"line":135,"column":6}},"27":{"start":{"line":115,"column":8},"end":{"line":122,"column":15}},"28":{"start":{"line":123,"column":8},"end":{"line":134,"column":15}},"29":{"start":{"line":137,"column":4},"end":{"line":155,"column":6}},"30":{"start":{"line":138,"column":8},"end":{"line":154,"column":15}},"31":{"start":{"line":143,"column":16},"end":{"line":145,"column":19}},"32":{"start":{"line":144,"column":20},"end":{"line":144,"column":56}},"33":{"start":{"line":146,"column":16},"end":{"line":148,"column":17}},"34":{"start":{"line":147,"column":20},"end":{"line":147,"column":75}},"35":{"start":{"line":149,"column":16},"end":{"line":152,"column":18}},"36":{"start":{"line":153,"column":16},"end":{"line":153,"column":48}},"37":{"start":{"line":157,"column":4},"end":{"line":168,"column":6}},"38":{"start":{"line":170,"column":4},"end":{"line":170,"column":33}},"39":{"start":{"line":173,"column":0},"end":{"line":173,"column":26}}},"branchMap":{"1":{"line":146,"type":"if","locations":[{"start":{"line":146,"column":16},"end":{"line":146,"column":16}},{"start":{"line":146,"column":16},"end":{"line":146,"column":16}}]}},"l":{"1":1,"2":6,"4":6,"5":6,"7":6,"8":1,"12":1,"16":6,"17":1,"21":1,"25":6,"26":1,"37":6,"38":1,"49":6,"50":1,"55":0,"56":0,"67":6,"68":0,"73":0,"74":0,"85":6,"86":0,"97":0,"114":6,"115":0,"123":0,"137":6,"138":0,"143":0,"144":0,"146":0,"147":0,"149":0,"153":0,"157":6,"170":6,"173":1}},
"D:\\Programming\\GitHub\\Team-Project-NodeJs\\data\\index.js":{"path":"D:\\Programming\\GitHub\\Team-Project-NodeJs\\data\\index.js","s":{"1":1},"b":{},"f":{},"fnMap":{},"statementMap":{"1":{"start":{"line":1,"column":0},"end":{"line":1,"column":35}}},"branchMap":{},"l":{"1":1}}}
