TN:
SF:D:\Programming\GitHub\Team-Project-NodeJs\app\routers\course-router\controller.js
FN:3,(anonymous_1)
FN:15,(anonymous_2)
FN:46,(anonymous_3)
FN:56,(anonymous_4)
FN:66,(anonymous_5)
FN:76,(anonymous_6)
FN:86,(anonymous_7)
FN:100,(anonymous_8)
FNF:8
FNH:8
FNDA:1,(anonymous_1)
FNDA:3,(anonymous_2)
FNDA:2,(anonymous_3)
FNDA:2,(anonymous_4)
FNDA:3,(anonymous_5)
FNDA:3,(anonymous_6)
FNDA:3,(anonymous_7)
FNDA:3,(anonymous_8)
DA:1,1
DA:2,2
DA:4,1
DA:6,1
DA:8,1
DA:16,3
DA:20,3
DA:21,3
DA:23,3
DA:25,3
DA:29,3
DA:30,0
DA:31,0
DA:34,3
DA:37,3
DA:47,2
DA:48,2
DA:50,2
DA:51,2
DA:53,2
DA:57,2
DA:58,2
DA:60,2
DA:61,2
DA:63,2
DA:67,3
DA:68,3
DA:70,3
DA:72,3
DA:77,3
DA:78,3
DA:80,3
DA:82,3
DA:87,3
DA:88,3
DA:90,3
DA:92,3
DA:101,3
DA:102,3
DA:103,3
DA:105,3
DA:107,3
DA:116,2
DA:120,1
LF:44
LH:42
BRDA:29,1,0,0
BRDA:29,1,1,3
BRDA:29,2,0,3
BRDA:29,2,1,3
BRDA:30,3,0,0
BRDA:30,3,1,0
BRF:6
BRH:3
end_of_record
TN:
SF:D:\Programming\GitHub\Team-Project-NodeJs\app\routers\course-router\index.js
FNF:0
FNH:0
DA:1,0
LF:1
LH:0
BRF:0
BRH:0
end_of_record
TN:
SF:D:\Programming\GitHub\Team-Project-NodeJs\app\routers\course-router\router.js
FNF:0
FNH:0
DA:1,0
DA:2,0
DA:4,0
DA:6,0
DA:8,0
DA:10,0
DA:12,0
DA:14,0
DA:16,0
DA:18,0
DA:21,0
LF:11
LH:0
BRF:0
BRH:0
end_of_record
TN:
SF:D:\Programming\GitHub\Team-Project-NodeJs\app\routers\home-router\controller.js
FN:18,(anonymous_1)
FN:37,(anonymous_2)
FN:44,(anonymous_3)
FN:51,(anonymous_4)
FN:65,(anonymous_5)
FN:69,(anonymous_6)
FN:81,(anonymous_7)
FN:85,(anonymous_8)
FN:98,(anonymous_9)
FN:118,(anonymous_10)
FN:132,(anonymous_11)
FNF:11
FNH:4
FNDA:0,(anonymous_1)
FNDA:1,(anonymous_2)
FNDA:1,(anonymous_3)
FNDA:2,(anonymous_4)
FNDA:0,(anonymous_5)
FNDA:0,(anonymous_6)
FNDA:1,(anonymous_7)
FNDA:0,(anonymous_8)
FNDA:0,(anonymous_9)
FNDA:0,(anonymous_10)
FNDA:0,(anonymous_11)
DA:2,1
DA:4,1
DA:6,5
DA:7,5
DA:9,0
DA:12,0
DA:15,5
DA:17,5
DA:19,0
DA:21,0
DA:23,0
DA:26,0
DA:27,0
DA:28,0
DA:38,1
DA:45,1
DA:52,2
DA:53,1
DA:55,1
DA:56,1
DA:58,1
DA:66,0
DA:70,0
DA:77,0
DA:78,0
DA:82,1
DA:86,0
DA:88,0
DA:95,0
DA:99,0
DA:101,0
DA:102,0
DA:104,0
DA:106,0
DA:110,0
DA:111,0
DA:112,0
DA:114,0
DA:119,0
DA:120,0
DA:122,0
DA:124,0
DA:126,0
DA:128,0
DA:129,0
DA:133,0
DA:136,5
DA:140,1
LF:48
LH:16
BRDA:52,1,0,1
BRDA:52,1,1,1
BRDA:111,2,0,0
BRDA:111,2,1,0
BRF:4
BRH:2
end_of_record
TN:
SF:D:\Programming\GitHub\Team-Project-NodeJs\app\routers\home-router\index.js
FNF:0
FNH:0
DA:1,0
LF:1
LH:0
BRF:0
BRH:0
end_of_record
TN:
SF:D:\Programming\GitHub\Team-Project-NodeJs\app\routers\home-router\router.js
FNF:0
FNH:0
DA:1,0
DA:2,0
DA:4,0
DA:6,0
DA:8,0
DA:10,0
DA:12,0
DA:14,0
DA:16,0
DA:18,0
DA:20,0
DA:22,0
DA:24,0
DA:26,0
DA:29,0
LF:15
LH:0
BRF:0
BRH:0
end_of_record
TN:
SF:D:\Programming\GitHub\Team-Project-NodeJs\data\data.js
FNF:0
FNH:0
DA:1,1
DA:2,6
DA:4,6
DA:5,6
DA:7,6
DA:8,1
DA:12,1
DA:16,6
DA:17,1
DA:21,1
DA:25,6
DA:26,1
DA:37,6
DA:38,1
DA:49,6
DA:50,1
DA:55,0
DA:56,0
DA:67,6
DA:68,0
DA:73,0
DA:74,0
DA:85,6
DA:86,0
DA:97,0
DA:114,6
DA:115,0
DA:123,0
DA:137,6
DA:138,0
DA:143,0
DA:144,0
DA:146,0
DA:147,0
DA:149,0
DA:153,0
DA:157,6
DA:170,6
DA:173,1
LF:39
LH:23
BRDA:146,1,0,0
BRDA:146,1,1,0
BRF:2
BRH:0
end_of_record
TN:
SF:D:\Programming\GitHub\Team-Project-NodeJs\data\index.js
FNF:0
FNH:0
DA:1,1
LF:1
LH:1
BRF:0
BRH:0
end_of_record
